<?xml version="1.0" encoding="UTF-8"?>
<testng-results ignored="0" total="1" passed="1" failed="0" skipped="0">
  <reporter-output>
  </reporter-output>
  <suite started-at="2023-08-24T11:28:04 IST" name="Suite" finished-at="2023-08-24T11:28:33 IST" duration-ms="29685">
    <groups>
    </groups>
    <test started-at="2023-08-24T11:28:04 IST" name="Test" finished-at="2023-08-24T11:28:33 IST" duration-ms="29685">
      <class name="ExecFlipkartSrch.FlpkrtSrchExe">
        <test-method is-config="true" signature="setUp()[pri:0, instance:ExecFlipkartSrch.FlpkrtSrchExe@437da279]" started-at="2023-08-24T11:28:04 IST" name="setUp" finished-at="2023-08-24T11:28:15 IST" duration-ms="11382" status="PASS">
          <reporter-output>
          </reporter-output>
        </test-method> <!-- setUp -->
        <test-method signature="srchItm(java.lang.String)[pri:0, instance:ExecFlipkartSrch.FlpkrtSrchExe@437da279]" started-at="2023-08-24T11:28:15 IST" name="srchItm" finished-at="2023-08-24T11:28:31 IST" duration-ms="15966" status="PASS">
          <params>
            <param index="0">
              <value>
                <![CDATA[Iphone 14]]>
              </value>
            </param>
          </params>
          <reporter-output>
          </reporter-output>
        </test-method> <!-- srchItm -->
        <test-method is-config="true" signature="cls()[pri:0, instance:ExecFlipkartSrch.FlpkrtSrchExe@437da279]" started-at="2023-08-24T11:28:31 IST" name="cls" finished-at="2023-08-24T11:28:33 IST" duration-ms="2266" status="PASS">
          <reporter-output>
          </reporter-output>
        </test-method> <!-- cls -->
      </class> <!-- ExecFlipkartSrch.FlpkrtSrchExe -->
    </test> <!-- Test -->
  </suite> <!-- Suite -->
</testng-results>
